
Script my_project_slides.tex in latexmk -pdf -bibtex started at 2025-01-06 12:14:36
Script my_project_slides.tex finished successfully at 2025-01-06 12:14:37
Output: Rc files read:
  NONE
Latexmk: This is Latexmk, John Collins, 27 Dec. 2024. Version 4.86a.
Latexmk: applying rule 'pdflatex'...
Rule 'pdflatex':  Reasons for rerun
Changed files or newly in use/created:
  /Users/marek/Library/TinyTeX/texmf-var/web2c/pdftex/pdflatex.fmt
Category 'changed_user':
  /Users/marek/Library/TinyTeX/texmf-var/web2c/pdftex/pdflatex.fmt

------------
Run number 1 of rule 'pdflatex'
------------
------------
Running 'pdflatex  -interaction=nonstopmode -recorder  "my_project_slides.tex"'
------------
This is pdfTeX, Version 3.141592653-2.6-1.40.26 (TeX Live 2024) (preloaded format=pdflatex)
 restricted \write18 enabled.
entering extended mode
(./my_project_slides.tex
LaTeX2e <2024-11-01> patch level 1
L3 programming layer <2024-12-09>
(/Users/marek/Library/TinyTeX/texmf-dist/tex/latex/beamer/beamer.cls
Document Class: beamer 2024/01/06 v3.71 A class for typesetting presentations
(/Users/marek/Library/TinyTeX/texmf-dist/tex/latex/beamer/beamerbasemodes.sty (/Users/marek/Library/TinyTeX/texmf-dist/tex/latex/etoolbox/etoolbox.sty) (/Users/marek/Library/TinyTeX/texmf-dist/tex/latex/beamer/beamerbasedecode.sty)) (/Users/marek/Library/TinyTeX/texmf-dist/tex/generic/iftex/iftex.sty) (/Users/marek/Library/TinyTeX/texmf-dist/tex/latex/beamer/beamerbaseoptions.sty (/Users/marek/Library/TinyTeX/texmf-dist/tex/latex/graphics/keyval.sty)) (/Users/marek/Library/TinyTeX/texmf-dist/tex/latex/geometry/geometry.sty (/Users/marek/Library/TinyTeX/texmf-dist/tex/generic/iftex/ifvtex.sty)) (/Users/marek/Library/TinyTeX/texmf-dist/tex/latex/pgf/math/pgfmath.sty (/Users/marek/Library/TinyTeX/texmf-dist/tex/latex/pgf/utilities/pgfrcs.sty (/Users/marek/Library/TinyTeX/texmf-dist/tex/generic/pgf/utilities/pgfutil-common.tex) (/Users/marek/Library/TinyTeX/texmf-dist/tex/generic/pgf/utilities/pgfutil-latex.def) (/Users/marek/Library/TinyTeX/texmf-dist/tex/generic/pgf/utilities/pgfrcs.code.tex (/Users/marek/Library/TinyTeX/texmf-dist/tex/generic/pgf/pgf.revision.tex))) (/Users/marek/Library/TinyTeX/texmf-dist/tex/latex/pgf/utilities/pgfkeys.sty (/Users/marek/Library/TinyTeX/texmf-dist/tex/generic/pgf/utilities/pgfkeys.code.tex (/Users/marek/Library/TinyTeX/texmf-dist/tex/generic/pgf/utilities/pgfkeyslibraryfiltered.code.tex))) (/Users/marek/Library/TinyTeX/texmf-dist/tex/generic/pgf/math/pgfmath.code.tex (/Users/marek/Library/TinyTeX/texmf-dist/tex/generic/pgf/math/pgfmathutil.code.tex) (/Users/marek/Library/TinyTeX/texmf-dist/tex/generic/pgf/math/pgfmathparser.code.tex) (/Users/marek/Library/TinyTeX/texmf-dist/tex/generic/pgf/math/pgfmathfunctions.code.tex) (/Users/marek/Library/TinyTeX/texmf-dist/tex/generic/pgf/math/pgfmathfunctions.basic.code.tex) (/Users/marek/Library/TinyTeX/texmf-dist/tex/generic/pgf/math/pgfmathfunctions.trigonometric.code.tex) (/Users/marek/Library/TinyTeX/texmf-dist/tex/generic/pgf/math/pgfmathfunctions.random.code.tex) (/Users/marek/Library/TinyTeX/texmf-dist/tex/generic/pgf/math/pgfmathfunctions.comparison.code.tex) (/Users/marek/Library/TinyTeX/texmf-dist/tex/generic/pgf/math/pgfmathfunctions.base.code.tex) (/Users/marek/Library/TinyTeX/texmf-dist/tex/generic/pgf/math/pgfmathfunctions.round.code.tex) (/Users/marek/Library/TinyTeX/texmf-dist/tex/generic/pgf/math/pgfmathfunctions.misc.code.tex) (/Users/marek/Library/TinyTeX/texmf-dist/tex/generic/pgf/math/pgfmathfunctions.integerarithmetics.code.tex) (/Users/marek/Library/TinyTeX/texmf-dist/tex/generic/pgf/math/pgfmathcalc.code.tex) (/Users/marek/Library/TinyTeX/texmf-dist/tex/generic/pgf/math/pgfmathfloat.code.tex))) (/Users/marek/Library/TinyTeX/texmf-dist/tex/latex/base/size10.clo) (/Users/marek/Library/TinyTeX/texmf-dist/tex/latex/pgf/basiclayer/pgfcore.sty (/Users/marek/Library/TinyTeX/texmf-dist/tex/latex/graphics/graphicx.sty (/Users/marek/Library/TinyTeX/texmf-dist/tex/latex/graphics/graphics.sty (/Users/marek/Library/TinyTeX/texmf-dist/tex/latex/graphics/trig.sty) (/Users/marek/Library/TinyTeX/texmf-dist/tex/latex/graphics-cfg/graphics.cfg) (/Users/marek/Library/TinyTeX/texmf-dist/tex/latex/graphics-def/pdftex.def))) (/Users/marek/Library/TinyTeX/texmf-dist/tex/latex/pgf/systemlayer/pgfsys.sty (/Users/marek/Library/TinyTeX/texmf-dist/tex/generic/pgf/systemlayer/pgfsys.code.tex (/Users/marek/Library/TinyTeX/texmf-dist/tex/generic/pgf/systemlayer/pgf.cfg) (/Users/marek/Library/TinyTeX/texmf-dist/tex/generic/pgf/systemlayer/pgfsys-pdftex.def (/Users/marek/Library/TinyTeX/texmf-dist/tex/generic/pgf/systemlayer/pgfsys-common-pdf.def))) (/Users/marek/Library/TinyTeX/texmf-dist/tex/generic/pgf/systemlayer/pgfsyssoftpath.code.tex) (/Users/marek/Library/TinyTeX/texmf-dist/tex/generic/pgf/systemlayer/pgfsysprotocol.code.tex)) (/Users/marek/Library/TinyTeX/texmf-dist/tex/latex/xcolor/xcolor.sty (/Users/marek/Library/TinyTeX/texmf-dist/tex/latex/graphics-cfg/color.cfg) (/Users/marek/Library/TinyTeX/texmf-dist/tex/latex/graphics/mathcolor.ltx)) (/Users/marek/Library/TinyTeX/texmf-dist/tex/generic/pgf/basiclayer/pgfcore.code.tex (/Users/marek/Library/TinyTeX/texmf-dist/tex/generic/pgf/math/pgfint.code.tex) (/Users/marek/Library/TinyTeX/texmf-dist/tex/generic/pgf/basiclayer/pgfcorepoints.code.tex) (/Users/marek/Library/TinyTeX/texmf-dist/tex/generic/pgf/basiclayer/pgfcorepathconstruct.code.tex) (/Users/marek/Library/TinyTeX/texmf-dist/tex/generic/pgf/basiclayer/pgfcorepathusage.code.tex) (/Users/marek/Library/TinyTeX/texmf-dist/tex/generic/pgf/basiclayer/pgfcorescopes.code.tex) (/Users/marek/Library/TinyTeX/texmf-dist/tex/generic/pgf/basiclayer/pgfcoregraphicstate.code.tex) (/Users/marek/Library/TinyTeX/texmf-dist/tex/generic/pgf/basiclayer/pgfcoretransformations.code.tex) (/Users/marek/Library/TinyTeX/texmf-dist/tex/generic/pgf/basiclayer/pgfcorequick.code.tex) (/Users/marek/Library/TinyTeX/texmf-dist/tex/generic/pgf/basiclayer/pgfcoreobjects.code.tex) (/Users/marek/Library/TinyTeX/texmf-dist/tex/generic/pgf/basiclayer/pgfcorepathprocessing.code.tex) (/Users/marek/Library/TinyTeX/texmf-dist/tex/generic/pgf/basiclayer/pgfcorearrows.code.tex) (/Users/marek/Library/TinyTeX/texmf-dist/tex/generic/pgf/basiclayer/pgfcoreshade.code.tex) (/Users/marek/Library/TinyTeX/texmf-dist/tex/generic/pgf/basiclayer/pgfcoreimage.code.tex) (/Users/marek/Library/TinyTeX/texmf-dist/tex/generic/pgf/basiclayer/pgfcoreexternal.code.tex) (/Users/marek/Library/TinyTeX/texmf-dist/tex/generic/pgf/basiclayer/pgfcorelayers.code.tex) (/Users/marek/Library/TinyTeX/texmf-dist/tex/generic/pgf/basiclayer/pgfcoretransparency.code.tex) (/Users/marek/Library/TinyTeX/texmf-dist/tex/generic/pgf/basiclayer/pgfcorepatterns.code.tex) (/Users/marek/Library/TinyTeX/texmf-dist/tex/generic/pgf/basiclayer/pgfcorerdf.code.tex))) (/Users/marek/Library/TinyTeX/texmf-dist/tex/latex/pgf/utilities/xxcolor.sty) (/Users/marek/Library/TinyTeX/texmf-dist/tex/latex/base/atbegshi-ltx.sty) (/Users/marek/Library/TinyTeX/texmf-dist/tex/latex/hyperref/hyperref.sty (/Users/marek/Library/TinyTeX/texmf-dist/tex/latex/kvsetkeys/kvsetkeys.sty) (/Users/marek/Library/TinyTeX/texmf-dist/tex/generic/kvdefinekeys/kvdefinekeys.sty) (/Users/marek/Library/TinyTeX/texmf-dist/tex/generic/pdfescape/pdfescape.sty (/Users/marek/Library/TinyTeX/texmf-dist/tex/generic/ltxcmds/ltxcmds.sty) (/Users/marek/Library/TinyTeX/texmf-dist/tex/generic/pdftexcmds/pdftexcmds.sty (/Users/marek/Library/TinyTeX/texmf-dist/tex/generic/infwarerr/infwarerr.sty))) (/Users/marek/Library/TinyTeX/texmf-dist/tex/latex/hycolor/hycolor.sty) (/Users/marek/Library/TinyTeX/texmf-dist/tex/latex/hyperref/nameref.sty (/Users/marek/Library/TinyTeX/texmf-dist/tex/latex/refcount/refcount.sty) (/Users/marek/Library/TinyTeX/texmf-dist/tex/generic/gettitlestring/gettitlestring.sty (/Users/marek/Library/TinyTeX/texmf-dist/tex/latex/kvoptions/kvoptions.sty))) (/Users/marek/Library/TinyTeX/texmf-dist/tex/generic/stringenc/stringenc.sty) (/Users/marek/Library/TinyTeX/texmf-dist/tex/latex/hyperref/pd1enc.def) (/Users/marek/Library/TinyTeX/texmf-dist/tex/generic/intcalc/intcalc.sty) (/Users/marek/Library/TinyTeX/texmf-dist/tex/latex/hyperref/puenc.def) (/Users/marek/Library/TinyTeX/texmf-dist/tex/latex/url/url.sty) (/Users/marek/Library/TinyTeX/texmf-dist/tex/generic/bitset/bitset.sty (/Users/marek/Library/TinyTeX/texmf-dist/tex/generic/bigintcalc/bigintcalc.sty))

Package hyperref Message: Stopped early.

) (/Users/marek/Library/TinyTeX/texmf-dist/tex/latex/hyperref/hpdftex.def (/Users/marek/Library/TinyTeX/texmf-dist/tex/latex/base/atveryend-ltx.sty) (/Users/marek/Library/TinyTeX/texmf-dist/tex/latex/rerunfilecheck/rerunfilecheck.sty (/Users/marek/Library/TinyTeX/texmf-dist/tex/generic/uniquecounter/uniquecounter.sty))) (/Users/marek/Library/TinyTeX/texmf-dist/tex/latex/beamer/beamerbaserequires.sty (/Users/marek/Library/TinyTeX/texmf-dist/tex/latex/beamer/beamerbasecompatibility.sty) (/Users/marek/Library/TinyTeX/texmf-dist/tex/latex/beamer/beamerbasefont.sty (/Users/marek/Library/TinyTeX/texmf-dist/tex/latex/amsfonts/amssymb.sty (/Users/marek/Library/TinyTeX/texmf-dist/tex/latex/amsfonts/amsfonts.sty))) (/Users/marek/Library/TinyTeX/texmf-dist/tex/latex/beamer/beamerbasetranslator.sty (/Users/marek/Library/TinyTeX/texmf-dist/tex/latex/translator/translator.sty)) (/Users/marek/Library/TinyTeX/texmf-dist/tex/latex/beamer/beamerbasemisc.sty) (/Users/marek/Library/TinyTeX/texmf-dist/tex/latex/beamer/beamerbasetwoscreens.sty) (/Users/marek/Library/TinyTeX/texmf-dist/tex/latex/beamer/beamerbaseoverlay.sty) (/Users/marek/Library/TinyTeX/texmf-dist/tex/latex/beamer/beamerbasetitle.sty) (/Users/marek/Library/TinyTeX/texmf-dist/tex/latex/beamer/beamerbasesection.sty) (/Users/marek/Library/TinyTeX/texmf-dist/tex/latex/beamer/beamerbaseframe.sty) (/Users/marek/Library/TinyTeX/texmf-dist/tex/latex/beamer/beamerbaseverbatim.sty) (/Users/marek/Library/TinyTeX/texmf-dist/tex/latex/beamer/beamerbaseframesize.sty) (/Users/marek/Library/TinyTeX/texmf-dist/tex/latex/beamer/beamerbaseframecomponents.sty) (/Users/marek/Library/TinyTeX/texmf-dist/tex/latex/beamer/beamerbasecolor.sty) (/Users/marek/Library/TinyTeX/texmf-dist/tex/latex/beamer/beamerbasenotes.sty) (/Users/marek/Library/TinyTeX/texmf-dist/tex/latex/beamer/beamerbasetoc.sty) (/Users/marek/Library/TinyTeX/texmf-dist/tex/latex/beamer/beamerbasetemplates.sty (/Users/marek/Library/TinyTeX/texmf-dist/tex/latex/beamer/beamerbaseauxtemplates.sty (/Users/marek/Library/TinyTeX/texmf-dist/tex/latex/beamer/beamerbaseboxes.sty))) (/Users/marek/Library/TinyTeX/texmf-dist/tex/latex/beamer/beamerbaselocalstructure.sty (/Users/marek/Library/TinyTeX/texmf-dist/tex/latex/tools/enumerate.sty)) (/Users/marek/Library/TinyTeX/texmf-dist/tex/latex/beamer/beamerbasenavigation.sty (/Users/marek/Library/TinyTeX/texmf-dist/tex/latex/beamer/beamerbasenavigationsymbols.tex)) (/Users/marek/Library/TinyTeX/texmf-dist/tex/latex/beamer/beamerbasetheorems.sty (/Users/marek/Library/TinyTeX/texmf-dist/tex/latex/amsmath/amsmath.sty
For additional information on amsmath, use the `?' option.
(/Users/marek/Library/TinyTeX/texmf-dist/tex/latex/amsmath/amstext.sty (/Users/marek/Library/TinyTeX/texmf-dist/tex/latex/amsmath/amsgen.sty)) (/Users/marek/Library/TinyTeX/texmf-dist/tex/latex/amsmath/amsbsy.sty) (/Users/marek/Library/TinyTeX/texmf-dist/tex/latex/amsmath/amsopn.sty)) (/Users/marek/Library/TinyTeX/texmf-dist/tex/latex/amscls/amsthm.sty)) (/Users/marek/Library/TinyTeX/texmf-dist/tex/latex/beamer/beamerbasethemes.sty)) (/Users/marek/Library/TinyTeX/texmf-dist/tex/latex/beamer/beamerthemedefault.sty (/Users/marek/Library/TinyTeX/texmf-dist/tex/latex/beamer/beamerfontthemedefault.sty) (/Users/marek/Library/TinyTeX/texmf-dist/tex/latex/beamer/beamercolorthemedefault.sty) (/Users/marek/Library/TinyTeX/texmf-dist/tex/latex/beamer/beamerinnerthemedefault.sty) (/Users/marek/Library/TinyTeX/texmf-dist/tex/latex/beamer/beamerouterthemedefault.sty))) (/Users/marek/Library/TinyTeX/texmf-dist/tex/latex/moloch/beamerthememoloch.sty (/Users/marek/Library/TinyTeX/texmf-dist/tex/latex/pgfopts/pgfopts.sty) (/Users/marek/Library/TinyTeX/texmf-dist/tex/latex/moloch/beamerinnerthememoloch.sty (/Users/marek/Library/TinyTeX/texmf-dist/tex/latex/tools/calc.sty) (/Users/marek/Library/TinyTeX/texmf-dist/tex/latex/pgf/frontendlayer/tikz.sty (/Users/marek/Library/TinyTeX/texmf-dist/tex/latex/pgf/basiclayer/pgf.sty (/Users/marek/Library/TinyTeX/texmf-dist/tex/generic/pgf/modules/pgfmoduleshapes.code.tex) (/Users/marek/Library/TinyTeX/texmf-dist/tex/generic/pgf/modules/pgfmoduleplot.code.tex) (/Users/marek/Library/TinyTeX/texmf-dist/tex/latex/pgf/compatibility/pgfcomp-version-0-65.sty) (/Users/marek/Library/TinyTeX/texmf-dist/tex/latex/pgf/compatibility/pgfcomp-version-1-18.sty)) (/Users/marek/Library/TinyTeX/texmf-dist/tex/latex/pgf/utilities/pgffor.sty (/Users/marek/Library/TinyTeX/texmf-dist/tex/generic/pgf/utilities/pgffor.code.tex)) (/Users/marek/Library/TinyTeX/texmf-dist/tex/generic/pgf/frontendlayer/tikz/tikz.code.tex (/Users/marek/Library/TinyTeX/texmf-dist/tex/generic/pgf/libraries/pgflibraryplothandlers.code.tex) (/Users/marek/Library/TinyTeX/texmf-dist/tex/generic/pgf/modules/pgfmodulematrix.code.tex) (/Users/marek/Library/TinyTeX/texmf-dist/tex/generic/pgf/frontendlayer/tikz/libraries/tikzlibrarytopaths.code.tex)))) (/Users/marek/Library/TinyTeX/texmf-dist/tex/latex/moloch/beamerouterthememoloch.sty) (/Users/marek/Library/TinyTeX/texmf-dist/tex/latex/moloch/beamercolorthememoloch.sty) (/Users/marek/Library/TinyTeX/texmf-dist/tex/latex/moloch/beamerfontthememoloch.sty)) (/Users/marek/Library/TinyTeX/texmf-dist/tex/latex/inter/inter.sty (/Users/marek/Library/TinyTeX/texmf-dist/tex/generic/iftex/ifxetex.sty) (/Users/marek/Library/TinyTeX/texmf-dist/tex/generic/iftex/ifluatex.sty) (/Users/marek/Library/TinyTeX/texmf-dist/tex/latex/base/textcomp.sty) (/Users/marek/Library/TinyTeX/texmf-dist/tex/latex/xkeyval/xkeyval.sty (/Users/marek/Library/TinyTeX/texmf-dist/tex/generic/xkeyval/xkeyval.tex (/Users/marek/Library/TinyTeX/texmf-dist/tex/generic/xkeyval/xkvutils.tex))) (/Users/marek/Library/TinyTeX/texmf-dist/tex/latex/base/fontenc.sty (/Users/marek/Library/TinyTeX/texmf-dist/tex/latex/greek-fontenc/lgrenc.def (/Users/marek/Library/TinyTeX/texmf-dist/tex/latex/greek-fontenc/greek-fontenc.def)) (/Users/marek/Library/TinyTeX/texmf-dist/tex/latex/ly1/ly1enc.def (/Users/marek/Library/TinyTeX/texmf-dist/tex/latex/base/ly1enc.dfu))) (/Users/marek/Library/TinyTeX/texmf-dist/tex/latex/fontaxes/fontaxes.sty) (/Users/marek/Library/TinyTeX/texmf-dist/tex/latex/base/ifthen.sty)) (/Users/marek/Library/TinyTeX/texmf-dist/tex/latex/base/fontenc.sty (/Users/marek/Library/TinyTeX/texmf-dist/tex/latex/inter/T1Inter-TLF.fd)) (/Users/marek/Library/TinyTeX/texmf-dist/tex/latex/base/inputenc.sty (/Users/marek/Library/TinyTeX/texmf-dist/tex/latex/base/latin9.def)) (/Users/marek/Library/TinyTeX/texmf-dist/tex/latex/multirow/multirow.sty) (/Users/marek/Library/TinyTeX/texmf-dist/tex/latex/tools/xspace.sty) (/Users/marek/Library/TinyTeX/texmf-dist/tex/latex/booktabs/booktabs.sty)

Package hyperref Warning: Token not allowed in a PDF string (Unicode):
(hyperref)                removing `\' on input line 32.

(/Users/marek/Library/TinyTeX/texmf-dist/tex/latex/l3backend/l3backend-pdftex.def) (./my_project_slides.aux) (/Users/marek/Library/TinyTeX/texmf-dist/tex/latex/cbfonts-fd/lgrcmr.fd) (/Users/marek/Library/TinyTeX/texmf-dist/tex/latex/ly1/ly1ptm.fd)
*geometry* driver: auto-detecting
*geometry* detected driver: pdftex
(/Users/marek/Library/TinyTeX/texmf-dist/tex/latex/epstopdf-pkg/epstopdf-base.sty (/Users/marek/Library/TinyTeX/texmf-dist/tex/latex/latexconfig/epstopdf-sys.cfg)) (./my_project_slides.out) (./my_project_slides.out) (/Users/marek/Library/TinyTeX/texmf-dist/tex/latex/translator/translator-basic-dictionary-English.dict) (/Users/marek/Library/TinyTeX/texmf-dist/tex/latex/translator/translator-bibliography-dictionary-English.dict) (/Users/marek/Library/TinyTeX/texmf-dist/tex/latex/translator/translator-environment-dictionary-English.dict) (/Users/marek/Library/TinyTeX/texmf-dist/tex/latex/translator/translator-months-dictionary-English.dict) (/Users/marek/Library/TinyTeX/texmf-dist/tex/latex/translator/translator-numbers-dictionary-English.dict) (/Users/marek/Library/TinyTeX/texmf-dist/tex/latex/translator/translator-theorem-dictionary-English.dict) (./my_project_slides.nav)
Overfull box (5.69046pt too high) detected at line 36

[1{/Users/marek/Library/TinyTeX/texmf-var/fonts/map/pdftex/updmap/pdftex.map}{/Users/marek/Library/TinyTeX/texmf-dist/fonts/enc/dvips/inter/a_djwlf6.enc}]
[2]
[3] (/Users/marek/Library/TinyTeX/texmf-dist/tex/latex/amsfonts/umsa.fd) (/Users/marek/Library/TinyTeX/texmf-dist/tex/latex/amsfonts/umsb.fd)
[4]
[5]
[6]
[7]
[8]
[9]
[10]
[11] (./my_project_slides.aux) )
(see the transcript file for additional information)</Users/marek/Library/TinyTeX/texmf-dist/fonts/type1/public/inter/Inter-Bold.pfb></Users/marek/Library/TinyTeX/texmf-dist/fonts/type1/public/inter/Inter-Regular.pfb>
Output written on my_project_slides.pdf (11 pages, 85410 bytes).
Transcript written on my_project_slides.log.
Latexmk: Getting log file 'my_project_slides.log'
Latexmk: Examining 'my_project_slides.fls'
Latexmk: Examining 'my_project_slides.log'
Latexmk: Log file says output to 'my_project_slides.pdf'
Latexmk: All targets (my_project_slides.pdf) are up-to-date

The following files were created in my_project_slides.tex:
my_project_slides.pdf 

make.sh finished at 2025-01-06 12:14:37
