
Script my_project.tex in latexmk -pdf -bibtex started at 2025-01-06 12:14:37
Script my_project.tex finished successfully at 2025-01-06 12:14:38
Output: Rc files read:
  NONE
Latexmk: This is Latexmk, John Collins, 27 Dec. 2024. Version 4.86a.
No existing .aux file, so I'll make a simple one, and require run of *latex.
Latexmk: applying rule 'pdflatex'...
Rule 'pdflatex':  Reasons for rerun
Category 'other':
  Rerun of 'pdflatex' forced or previously required:
    Reason or flag: 'Initial setup'

------------
Run number 1 of rule 'pdflatex'
------------
------------
Running 'pdflatex  -interaction=nonstopmode -recorder  "my_project.tex"'
------------
This is pdfTeX, Version 3.141592653-2.6-1.40.26 (TeX Live 2024) (preloaded format=pdflatex)
 restricted \write18 enabled.
entering extended mode
(./my_project.tex
LaTeX2e <2024-11-01> patch level 1
L3 programming layer <2024-12-09>
(/Users/marek/Library/TinyTeX/texmf-dist/tex/latex/base/article.cls
Document Class: article 2024/06/29 v1.4n Standard LaTeX document class
(/Users/marek/Library/TinyTeX/texmf-dist/tex/latex/base/size12.clo)) (/Users/marek/Library/TinyTeX/texmf-dist/tex/latex/float/float.sty) (/Users/marek/Library/TinyTeX/texmf-dist/tex/latex/amsmath/amsmath.sty
For additional information on amsmath, use the `?' option.
(/Users/marek/Library/TinyTeX/texmf-dist/tex/latex/amsmath/amstext.sty (/Users/marek/Library/TinyTeX/texmf-dist/tex/latex/amsmath/amsgen.sty)) (/Users/marek/Library/TinyTeX/texmf-dist/tex/latex/amsmath/amsbsy.sty) (/Users/marek/Library/TinyTeX/texmf-dist/tex/latex/amsmath/amsopn.sty)) (/Users/marek/Library/TinyTeX/texmf-dist/tex/latex/amscls/amsthm.sty) (/Users/marek/Library/TinyTeX/texmf-dist/tex/latex/amsfonts/amssymb.sty (/Users/marek/Library/TinyTeX/texmf-dist/tex/latex/amsfonts/amsfonts.sty)) (/Users/marek/Library/TinyTeX/texmf-dist/tex/latex/graphics/graphicx.sty (/Users/marek/Library/TinyTeX/texmf-dist/tex/latex/graphics/keyval.sty) (/Users/marek/Library/TinyTeX/texmf-dist/tex/latex/graphics/graphics.sty (/Users/marek/Library/TinyTeX/texmf-dist/tex/latex/graphics/trig.sty) (/Users/marek/Library/TinyTeX/texmf-dist/tex/latex/graphics-cfg/graphics.cfg) (/Users/marek/Library/TinyTeX/texmf-dist/tex/latex/graphics-def/pdftex.def))) (/Users/marek/Library/TinyTeX/texmf-dist/tex/latex/natbib/natbib.sty) (/Users/marek/Library/TinyTeX/texmf-dist/tex/latex/setspace/setspace.sty) (/Users/marek/Library/TinyTeX/texmf-dist/tex/latex/geometry/geometry.sty (/Users/marek/Library/TinyTeX/texmf-dist/tex/generic/iftex/ifvtex.sty (/Users/marek/Library/TinyTeX/texmf-dist/tex/generic/iftex/iftex.sty))) (/Users/marek/Library/TinyTeX/texmf-dist/tex/latex/datetime/datetime.sty (/Users/marek/Library/TinyTeX/texmf-dist/tex/latex/etoolbox/etoolbox.sty) (/Users/marek/Library/TinyTeX/texmf-dist/tex/latex/fmtcount/fmtcount.sty (/Users/marek/Library/TinyTeX/texmf-dist/tex/latex/base/ifthen.sty) (/Users/marek/Library/TinyTeX/texmf-dist/tex/latex/xkeyval/xkeyval.sty (/Users/marek/Library/TinyTeX/texmf-dist/tex/generic/xkeyval/xkeyval.tex (/Users/marek/Library/TinyTeX/texmf-dist/tex/generic/xkeyval/xkvutils.tex))) (/Users/marek/Library/TinyTeX/texmf-dist/tex/latex/fmtcount/fcprefix.sty (/Users/marek/Library/TinyTeX/texmf-dist/tex/latex/fmtcount/fcnumparser.sty))) (/Users/marek/Library/TinyTeX/texmf-dist/tex/latex/datetime/datetime-defaults.sty)) (/Users/marek/Library/TinyTeX/texmf-dist/tex/latex/booktabs/booktabs.sty) (/Users/marek/Library/TinyTeX/texmf-dist/tex/latex/tools/dcolumn.sty (/Users/marek/Library/TinyTeX/texmf-dist/tex/latex/tools/array.sty)) (/Users/marek/Library/TinyTeX/texmf-dist/tex/generic/babel/babel.sty (/Users/marek/Library/TinyTeX/texmf-dist/tex/generic/babel/txtbabel.def) (/Users/marek/Library/TinyTeX/texmf-dist/tex/generic/babel-english/english.ldf)) (/Users/marek/Library/TinyTeX/texmf-dist/tex/generic/babel/locale/en/babel-english.tex) (/Users/marek/Library/TinyTeX/texmf-dist/tex/latex/psnfss/times.sty) (/Users/marek/Library/TinyTeX/texmf-dist/tex/latex/url/url.sty) (/Users/marek/Library/TinyTeX/texmf-dist/tex/latex/caption/caption.sty (/Users/marek/Library/TinyTeX/texmf-dist/tex/latex/caption/caption3.sty)) (/Users/marek/Library/TinyTeX/texmf-dist/tex/latex/footmisc/footmisc.sty) (/Users/marek/Library/TinyTeX/texmf-dist/tex/latex/psnfss/ot1ptm.fd) (/Users/marek/Library/TinyTeX/texmf-dist/tex/latex/l3backend/l3backend-pdftex.def) (./my_project.aux) (/Users/marek/Library/TinyTeX/texmf-dist/tex/latex/epstopdf-pkg/epstopdf-base.sty (/Users/marek/Library/TinyTeX/texmf-dist/tex/generic/infwarerr/infwarerr.sty) (/Users/marek/Library/TinyTeX/texmf-dist/tex/latex/grfext/grfext.sty (/Users/marek/Library/TinyTeX/texmf-dist/tex/generic/kvdefinekeys/kvdefinekeys.sty)) (/Users/marek/Library/TinyTeX/texmf-dist/tex/latex/kvoptions/kvoptions.sty (/Users/marek/Library/TinyTeX/texmf-dist/tex/generic/ltxcmds/ltxcmds.sty) (/Users/marek/Library/TinyTeX/texmf-dist/tex/latex/kvsetkeys/kvsetkeys.sty)) (/Users/marek/Library/TinyTeX/texmf-dist/tex/generic/pdftexcmds/pdftexcmds.sty) (/Users/marek/Library/TinyTeX/texmf-dist/tex/latex/latexconfig/epstopdf-sys.cfg))
*geometry* driver: auto-detecting
*geometry* detected driver: pdftex
*geometry* verbose mode - [ preamble ] result:
* driver: pdftex
* paper: <default>
* layout: <same size as paper>
* layoutoffset:(h,v)=(0.0pt,0.0pt)
* modes: 
* h-part:(L,W,R)=(72.26999pt, 469.75502pt, 72.26999pt)
* v-part:(T,H,B)=(72.26999pt, 650.43001pt, 72.26999pt)
* \paperwidth=614.295pt
* \paperheight=794.96999pt
* 	extwidth=469.75502pt
* 	extheight=650.43001pt
* \oddsidemargin=0.0pt
* vensidemargin=0.0pt
* 	opmargin=-37.0pt
* \headheight=12.0pt
* \headsep=25.0pt
* 	opskip=12.0pt
* ootskip=30.0pt
* \marginparwidth=44.0pt
* \marginparsep=10.0pt
* 
The following files were created in my_project.tex:
my_project.pdf 

make.sh finished at 2025-01-06 12:14:38
